<?xml version="1.0" encoding="UTF-8"?>
<testng-results skipped="0" failed="0" ignored="0" total="1" passed="1">
  <reporter-output>
    <line>
      <![CDATA[Test is sucess CustomerRegistration]]>
    </line>
    <line>
      <![CDATA[<a href='D:\Users\seleniumliveproject\ecommerce\src\main\java\com\durgasoft\selenium\ecommerce\PassedScreens\CustomerRegistration-02_11_2018_10_42_09.png'><img src='D:\Users\seleniumliveproject\ecommerce\src\main\java\com\durgasoft\selenium\ecommerce\PassedScreens\CustomerRegistration-02_11_2018_10_42_09.png'height='100' width='100'/></a>]]>
    </line>
    <line>
      <![CDATA[Test is sucess CustomerRegistration]]>
    </line>
    <line>
      <![CDATA[<a href='D:\Users\seleniumliveproject\ecommerce\src\main\java\com\durgasoft\selenium\ecommerce\PassedScreens\CustomerRegistration-02_11_2018_10_42_09.png'><img src='D:\Users\seleniumliveproject\ecommerce\src\main\java\com\durgasoft\selenium\ecommerce\PassedScreens\CustomerRegistration-02_11_2018_10_42_09.png'height='100' width='100'/></a>]]>
    </line>
  </reporter-output>
  <suite name="Suite" duration-ms="66228" started-at="2018-11-02T17:11:05Z" finished-at="2018-11-02T17:12:11Z">
    <groups>
    </groups>
    <test name="Test" duration-ms="66228" started-at="2018-11-02T17:11:05Z" finished-at="2018-11-02T17:12:11Z">
      <class name="com.durgasoft.selenium.ecommerce.HomePage.TC001_CustomerRegistration">
        <test-method status="PASS" signature="beforeTest()[pri:0, instance:com.durgasoft.selenium.ecommerce.HomePage.TC001_CustomerRegistration@258e2e41]" name="beforeTest" is-config="true" duration-ms="27912" started-at="2018-11-02T17:11:05Z" finished-at="2018-11-02T17:11:33Z">
          <reporter-output>
          </reporter-output>
        </test-method> <!-- beforeTest -->
        <test-method status="PASS" signature="startReport(java.lang.reflect.Method)[pri:0, instance:com.durgasoft.selenium.ecommerce.HomePage.TC001_CustomerRegistration@258e2e41]" name="startReport" is-config="true" duration-ms="31" started-at="2018-11-02T17:11:33Z" finished-at="2018-11-02T17:11:33Z">
          <params>
            <param index="0">
              <value>
                <![CDATA[public void com.durgasoft.selenium.ecommerce.HomePage.TC001_CustomerRegistration.CustomerRegistration() throws java.lang.Exception]]>
              </value>
            </param>
          </params>
          <reporter-output>
          </reporter-output>
        </test-method> <!-- startReport -->
        <test-method status="PASS" signature="CustomerRegistration()[pri:0, instance:com.durgasoft.selenium.ecommerce.HomePage.TC001_CustomerRegistration@258e2e41]" name="CustomerRegistration" duration-ms="35881" started-at="2018-11-02T17:11:33Z" finished-at="2018-11-02T17:12:09Z">
          <reporter-output>
            <line>
              <![CDATA[Test is sucess CustomerRegistration]]>
            </line>
            <line>
              <![CDATA[<a href='D:\Users\seleniumliveproject\ecommerce\src\main\java\com\durgasoft\selenium\ecommerce\PassedScreens\CustomerRegistration-02_11_2018_10_42_09.png'><img src='D:\Users\seleniumliveproject\ecommerce\src\main\java\com\durgasoft\selenium\ecommerce\PassedScreens\CustomerRegistration-02_11_2018_10_42_09.png'height='100' width='100'/></a>]]>
            </line>
            <line>
              <![CDATA[Test is sucess CustomerRegistration]]>
            </line>
            <line>
              <![CDATA[<a href='D:\Users\seleniumliveproject\ecommerce\src\main\java\com\durgasoft\selenium\ecommerce\PassedScreens\CustomerRegistration-02_11_2018_10_42_09.png'><img src='D:\Users\seleniumliveproject\ecommerce\src\main\java\com\durgasoft\selenium\ecommerce\PassedScreens\CustomerRegistration-02_11_2018_10_42_09.png'height='100' width='100'/></a>]]>
            </line>
          </reporter-output>
        </test-method> <!-- CustomerRegistration -->
        <test-method status="PASS" signature="afterTest()[pri:0, instance:com.durgasoft.selenium.ecommerce.HomePage.TC001_CustomerRegistration@258e2e41]" name="afterTest" is-config="true" duration-ms="1844" started-at="2018-11-02T17:12:09Z" finished-at="2018-11-02T17:12:11Z">
          <reporter-output>
          </reporter-output>
        </test-method> <!-- afterTest -->
        <test-method status="PASS" signature="endReport(org.testng.ITestResult)[pri:0, instance:com.durgasoft.selenium.ecommerce.HomePage.TC001_CustomerRegistration@258e2e41]" name="endReport" is-config="true" duration-ms="0" started-at="2018-11-02T17:12:09Z" finished-at="2018-11-02T17:12:09Z">
          <params>
            <param index="0">
              <value>
                <![CDATA[[TestResult name=CustomerRegistration status=SUCCESS method=TC001_CustomerRegistration.CustomerRegistration()[pri:0, instance:com.durgasoft.selenium.ecommerce.HomePage.TC001_CustomerRegistration@258e2e41] output=Test is sucess CustomerRegistration]]]>
              </value>
            </param>
          </params>
          <reporter-output>
          </reporter-output>
        </test-method> <!-- endReport -->
      </class> <!-- com.durgasoft.selenium.ecommerce.HomePage.TC001_CustomerRegistration -->
    </test> <!-- Test -->
  </suite> <!-- Suite -->
</testng-results>
