<?xml version="1.0" encoding="UTF-8"?>
<testng-results skipped="0" failed="0" ignored="0" total="0" passed="0">
  <reporter-output>
  </reporter-output>
  <suite name="com.durgasoft.selenium.selenium_maven.AppTest" duration-ms="6" started-at="2018-09-21T06:19:14Z" finished-at="2018-09-21T06:19:14Z">
    <groups>
    </groups>
    <test name="Command line test" duration-ms="6" started-at="2018-09-21T06:19:14Z" finished-at="2018-09-21T06:19:14Z">
    </test> <!-- Command line test -->
  </suite> <!-- com.durgasoft.selenium.selenium_maven.AppTest -->
</testng-results>
