<?xml version="1.0" encoding="UTF-8"?>
<testng-results skipped="0" failed="0" ignored="0" total="1" passed="1">
  <reporter-output>
  </reporter-output>
  <suite name="Default suite" duration-ms="26154" started-at="2018-11-08T09:03:33Z" finished-at="2018-11-08T09:04:00Z">
    <groups>
    </groups>
    <test name="Default test" duration-ms="26154" started-at="2018-11-08T09:03:33Z" finished-at="2018-11-08T09:04:00Z">
      <class name="com.durgasoft.selenium.testing.Passedscreenshot">
        <test-method status="PASS" signature="beforeTest()[pri:0, instance:com.durgasoft.selenium.testing.Passedscreenshot@262b2c86]" name="beforeTest" is-config="true" duration-ms="10163" started-at="2018-11-08T09:03:33Z" finished-at="2018-11-08T09:03:44Z">
          <reporter-output>
          </reporter-output>
        </test-method> <!-- beforeTest -->
        <test-method status="PASS" signature="f()[pri:0, instance:com.durgasoft.selenium.testing.Passedscreenshot@262b2c86]" name="f" duration-ms="15965" started-at="2018-11-08T09:03:44Z" finished-at="2018-11-08T09:04:00Z">
          <reporter-output>
          </reporter-output>
        </test-method> <!-- f -->
      </class> <!-- com.durgasoft.selenium.testing.Passedscreenshot -->
    </test> <!-- Default test -->
  </suite> <!-- Default suite -->
</testng-results>
